<?xml version="1.0" encoding="UTF-8"?>
<!-- Generated by org.testng.reporters.JUnitXMLReporter -->
<testsuite hostname="Meirn-LAP" ignored="0" name="Test" tests="15" failures="0" timestamp="2021-07-06T15:22:50 IDT" time="358.941" errors="0">
  <testcase name="tc01postaddBES" time="2.781" classname="apiNetace.BesDeviceModelsDevices"/>
  <testcase name="tc02postaddElements" time="2.058" classname="apiNetace.BesDeviceModelsDevices"/>
  <testcase name="tc03postaddListofDevices" time="16.603" classname="apiNetace.BesDeviceModelsDevices"/>
  <testcase name="tc04getDevicesCount" time="90.085" classname="apiNetace.BesDeviceModelsDevices"/>
  <testcase name="tc05getDeviceinventoryById" time="0.42" classname="apiNetace.GetDevices"/>
  <testcase name="tc6getDeviceinventoryByIP" time="0.397" classname="apiNetace.GetDevices"/>
  <testcase name="tc7getgetDeviceinventoryByName" time="240.298" classname="apiNetace.GetDevices"/>
  <testcase name="tc8getDevicesInventoryList" time="3.147" classname="apiNetace.GetDevices"/>
  <testcase name="tc9getLinksCount" time="0.064" classname="apiNetace.GetLinks"/>
  <testcase name="tc10getLinksdeviceById" time="0.377" classname="apiNetace.GetLinks"/>
  <testcase name="tc11getLinksdeviceByIp" time="0.316" classname="apiNetace.GetLinks"/>
  <testcase name="tc12getLinksdeviceByname" time="0.288" classname="apiNetace.GetLinks"/>
  <testcase name="tc13getLinksList" time="0.804" classname="apiNetace.GetLinks"/>
  <testcase name="tc14deleteDevices" time="0.542" classname="apiNetace.GetLinks"/>
  <testcase name="tc15getDevicesCountafterDelete" time="0.034" classname="apiNetace.GetLinks"/>
</testsuite> <!-- Test -->
