<?xml version="1.0" encoding="UTF-8"?>
<!-- Generated by org.testng.reporters.JUnitXMLReporter -->
<testsuite hostname="Meirn-LAP" ignored="0" name="apiNetace.Getlinks" tests="7" failures="0" timestamp="2021-07-13T00:41:48 IDT" time="3.58" errors="0">
  <testcase name="tc9getLinksCount" time="0.037" classname="apiNetace.GetLinks"/>
  <testcase name="tc10getLinksdeviceById" time="0.554" classname="apiNetace.GetLinks"/>
  <testcase name="tc11getLinksdeviceByIp" time="0.42" classname="apiNetace.GetLinks"/>
  <testcase name="tc12getLinksdeviceByname" time="0.432" classname="apiNetace.GetLinks"/>
  <testcase name="tc13getLinksList" time="1.388" classname="apiNetace.GetLinks"/>
  <testcase name="tc14deleteDevices" time="0.621" classname="apiNetace.GetLinks"/>
  <testcase name="tc15getDevicesCountafterDelete" time="0.042" classname="apiNetace.GetLinks"/>
</testsuite> <!-- apiNetace.Getlinks -->
