<?xml version="1.0" encoding="UTF-8"?>
<!-- Generated by org.testng.reporters.JUnitXMLReporter -->
<testsuite hostname="Meirn-LAP" ignored="0" name="apiNetace.BesDeviceModelsDevices" tests="4" failures="0" timestamp="2021-07-13T00:37:39 IDT" time="115.814" errors="0">
  <testcase name="tc01postaddBES" time="5.126" classname="apiNetace.BesDeviceModelsDevices"/>
  <testcase name="tc02postaddElements" time="2.195" classname="apiNetace.BesDeviceModelsDevices"/>
  <testcase name="tc03postaddListofDevices" time="16.714" classname="apiNetace.BesDeviceModelsDevices"/>
  <testcase name="tc04getDevicesCount" time="90.111" classname="apiNetace.BesDeviceModelsDevices"/>
</testsuite> <!-- apiNetace.BesDeviceModelsDevices -->
