<?xml version="1.0" encoding="UTF-8"?>
<!-- Generated by org.testng.reporters.JUnitXMLReporter -->
<testsuite hostname="Meirn-LAP" ignored="0" name="apiNetace.GetDevices" tests="4" failures="0" timestamp="2021-07-13T00:41:45 IDT" time="245.705" errors="0">
  <testcase name="tc05getDeviceinventoryById" time="0.524" classname="apiNetace.GetDevices"/>
  <testcase name="tc6getDeviceinventoryByIP" time="0.707" classname="apiNetace.GetDevices"/>
  <testcase name="tc7getgetDeviceinventoryByName" time="240.435" classname="apiNetace.GetDevices"/>
  <testcase name="tc8getDevicesInventoryList" time="3.98" classname="apiNetace.GetDevices"/>
</testsuite> <!-- apiNetace.GetDevices -->
